9 [4132477504] INFO perfrun.launcher <> - Launcher main begin
10 [4132477504] INFO perfrun.launcher <> - MessageCatalogInit finished
10 [4132477504] INFO perfrun.launcher <> - Launcher instance created
10 [4132477504] INFO perfrun.launcher <> - argc = 6; cmdline = /opt/intel/oneapi/vtune/2024.0/bin32/amplxe-runss -dump-vdso -r /home/ionicargon/MECHTRON-2MP3/github/MT2MP3-MatrixSolver/r001hs --tmp-dir /tmp/amplxe-tmp-ionicargon 
21 [4132477504] INFO perfrun.launcher <> - create msngr2::ICliToolContext
21 [4132477504] INFO perfrun.launcher <> - create file finder object
24 [4131932864] INFO perfrun.launcher <> - plugin [remoteplug] was disabled because it doesn't support the given collection type.
24 [4131932864] INFO perfrun.launcher <> - plugin [] was disabled because it doesn't support the given collection type.
24 [4131932864] INFO perfrun.vdso <> - dumping [vdso] pseudomodule
36 [4131932864] INFO perfrun.launcher <> - plugin [] was disabled because it doesn't support the given collection type.
36 [4131932864] INFO perfrun.launcher <> - plugin [] was disabled because it doesn't support the given collection type.
36 [4131932864] INFO perfrun.launcher <> - plugin [] was disabled because it doesn't support the given collection type.
36 [4131932864] INFO perfrun.launcher <> - plugin [] was disabled because it doesn't support the given collection type.
36 [4131932864] INFO perfrun.launcher <> - plugin [] was disabled because it doesn't support the given collection type.
36 [4131932864] INFO perfrun.launcher <> - plugin [] was disabled because it doesn't support the given collection type.
36 [4131932864] INFO perfrun.launcher <> - plugin [] was disabled because it doesn't support the given collection type.
36 [4131932864] INFO perfrun.launcher <> - plugin [] was disabled because it doesn't support the given collection type.
36 [4131932864] INFO perfrun.launcher <> - plugin [] was disabled because it doesn't support the given collection type.
36 [4131932864] INFO perfrun.launcher <> - plugin [] was disabled because it doesn't support the given collection type.
36 [4131932864] INFO perfrun.launcher <> - plugin [] was disabled because it doesn't support the given collection type.
36 [4131932864] INFO perfrun.launcher <> - plugin [] was disabled because it doesn't support the given collection type.
36 [4131932864] INFO perfrun.launcher <> - plugin [] was disabled because it doesn't support the given collection type.
36 [4131932864] INFO perfrun.launcher <> - plugin [] was disabled because it doesn't support the given collection type.
36 [4131932864] INFO perfrun.launcher <> - plugin [] was disabled because it doesn't support the given collection type.
36 [4131932864] INFO perfrun.launcher <> - plugin [] was disabled because it doesn't support the given collection type.
36 [4131932864] INFO perfrun.launcher <> - plugin [] was disabled because it doesn't support the given collection type.
36 [4131932864] INFO perfrun.launcher <> - plugin [] was disabled because it doesn't support the given collection type.
36 [4131932864] INFO perfrun.launcher <> - plugin [] was disabled because it doesn't support the given collection type.
36 [4131932864] INFO perfrun.launcher <> - plugin [] was disabled because it doesn't support the given collection type.
36 [4131932864] INFO perfrun.launcher <> - plugin [] was disabled because it doesn't support the given collection type.
36 [4131932864] INFO perfrun.launcher <> - plugin [] was disabled because it doesn't support the given collection type.
36 [4131932864] INFO perfrun.launcher <> - plugin [] was disabled because it doesn't support the given collection type.
36 [4131932864] INFO perfrun.launcher <> - plugin [] was disabled because it doesn't support the given collection type.
36 [4132477504] INFO perfrun.launcher <> - Application exit code: 0
36 [4132477504] INFO perfrun.launcher <> - Exit code: 0
